2023-10-21 19:53:51,076 - database - INFO - DB Session has started.
2023-10-21 19:53:51,087 - routers.geoloc - WARNING - put_geo, Updating ID: 55 but does not exists.
2023-10-21 19:53:51,089 - database - INFO - DB Session was closed.
2023-10-21 19:54:42,589 - database - INFO - DB Session has started.
2023-10-21 19:54:42,593 - routers.get_distance - WARNING - from_saved_locations, Checking ID: 5555 but does not exists.
2023-10-21 19:54:42,594 - database - INFO - DB Session was closed.
2023-10-21 19:54:53,958 - database - INFO - DB Session has started.
2023-10-21 19:54:53,962 - routers.get_distance - WARNING - from_saved_locations, Checking ID: 5 but does not exists.
2023-10-21 19:54:53,964 - database - INFO - DB Session was closed.
2023-10-21 19:55:00,211 - database - INFO - DB Session has started.
2023-10-21 19:55:00,214 - routers.get_distance - WARNING - from_saved_locations, Checking ID: 5 but does not exists.
2023-10-21 19:55:00,217 - database - INFO - DB Session was closed.
2023-10-21 19:55:20,755 - database - INFO - DB Session has started.
2023-10-21 19:55:20,765 - routers.get_distance - INFO - from_saved_locations, Target distance -> 67.0            From -> taguig, metro manila Closest locations -> [].
2023-10-21 19:55:20,767 - database - INFO - DB Session was closed.
2023-10-21 19:56:24,896 - database - INFO - DB Session has started.
2023-10-21 19:56:24,900 - routers.get_distance - INFO - from_given_coordinates, Target distance -> 10.0            From -> latitude=14.6091 longitude=121.0223 altitude=0.0 Closest locations -> [].
2023-10-21 19:56:24,903 - database - INFO - DB Session was closed.
2023-10-21 19:56:34,317 - database - INFO - DB Session has started.
2023-10-21 19:56:34,320 - database - INFO - DB Session was closed.
2023-10-21 19:56:49,889 - database - INFO - DB Session has started.
2023-10-21 19:56:49,893 - routers.get_distance - INFO - from_given_coordinates, Target distance -> 60.0            From -> latitude=14.6091 longitude=121.0223 altitude=0.0 Closest locations -> [<models.Geolocs object at 0x7f186dda80a0>].
2023-10-21 19:56:49,895 - database - INFO - DB Session was closed.
